<?xml version="1.0" encoding="UTF-8"?>
<!-- Generated by org.testng.reporters.JUnitReportReporter -->
<testsuite hostname="COROPEZA" name="FirstTestNGPackage.TC_NBL_Login_1_TNG" tests="1" failures="0" timestamp="16 Sep 2016 01:51:59 GMT" time="13.980" errors="0">
  <testcase name="basicTest" time="13.980" classname="FirstTestNGPackage.TC_NBL_Login_1_TNG"/>
</testsuite> <!-- FirstTestNGPackage.TC_NBL_Login_1_TNG -->
